
**** Build of configuration Debug for project Lab6 ****

"C:\\ti\\ccs1200\\ccs\\utils\\bin\\gmake" -k -j 20 all -O 
 
Building file: "../lab6_template.c"
Invoking: Arm Compiler
"C:/ti/ccs1200/ccs/tools/compiler/ti-cgt-arm_20.2.6.LTS/bin/armcl" -mv7M4 --code_state=16 --float_support=FPv4SPD16 -me --include_path="U:/288Final/CprE288-FinalProject/CprE288Workspace/Lab6" --include_path="C:/ti/TivaWare_C_Series-2.2.0.295" --include_path="C:/ti/ccs1200/ccs/tools/compiler/ti-cgt-arm_20.2.6.LTS/include" --define=ccs="ccs" --define=PART_TM4C123GH6PM -g --gcc --diag_warning=225 --diag_wrap=off --display_error_number --abi=eabi --preproc_with_compile --preproc_dependency="lab6_template.d_raw"  "../lab6_template.c"
Finished building: "../lab6_template.c"
 
Building file: "../button.c"
Invoking: Arm Compiler
"C:/ti/ccs1200/ccs/tools/compiler/ti-cgt-arm_20.2.6.LTS/bin/armcl" -mv7M4 --code_state=16 --float_support=FPv4SPD16 -me --include_path="U:/288Final/CprE288-FinalProject/CprE288Workspace/Lab6" --include_path="C:/ti/TivaWare_C_Series-2.2.0.295" --include_path="C:/ti/ccs1200/ccs/tools/compiler/ti-cgt-arm_20.2.6.LTS/include" --define=ccs="ccs" --define=PART_TM4C123GH6PM -g --gcc --diag_warning=225 --diag_wrap=off --display_error_number --abi=eabi --preproc_with_compile --preproc_dependency="button.d_raw"  "../button.c"
"../button.c", line 32: warning #1181-D: #warning directive: "Unimplemented function: void button_init()"
Finished building: "../button.c"
 
Building file: "../Timer.c"
Invoking: Arm Compiler
"C:/ti/ccs1200/ccs/tools/compiler/ti-cgt-arm_20.2.6.LTS/bin/armcl" -mv7M4 --code_state=16 --float_support=FPv4SPD16 -me --include_path="U:/288Final/CprE288-FinalProject/CprE288Workspace/Lab6" --include_path="C:/ti/TivaWare_C_Series-2.2.0.295" --include_path="C:/ti/ccs1200/ccs/tools/compiler/ti-cgt-arm_20.2.6.LTS/include" --define=ccs="ccs" --define=PART_TM4C123GH6PM -g --gcc --diag_warning=225 --diag_wrap=off --display_error_number --abi=eabi --preproc_with_compile --preproc_dependency="Timer.d_raw"  "../Timer.c"
Finished building: "../Timer.c"
 
Building file: "../uart.c"
Invoking: Arm Compiler
"C:/ti/ccs1200/ccs/tools/compiler/ti-cgt-arm_20.2.6.LTS/bin/armcl" -mv7M4 --code_state=16 --float_support=FPv4SPD16 -me --include_path="U:/288Final/CprE288-FinalProject/CprE288Workspace/Lab6" --include_path="C:/ti/TivaWare_C_Series-2.2.0.295" --include_path="C:/ti/ccs1200/ccs/tools/compiler/ti-cgt-arm_20.2.6.LTS/include" --define=ccs="ccs" --define=PART_TM4C123GH6PM -g --gcc --diag_warning=225 --diag_wrap=off --display_error_number --abi=eabi --preproc_with_compile --preproc_dependency="uart.d_raw"  "../uart.c"
Finished building: "../uart.c"
 
Building file: "../tm4c123gh6pm_startup_ccs.c"
Invoking: Arm Compiler
"C:/ti/ccs1200/ccs/tools/compiler/ti-cgt-arm_20.2.6.LTS/bin/armcl" -mv7M4 --code_state=16 --float_support=FPv4SPD16 -me --include_path="U:/288Final/CprE288-FinalProject/CprE288Workspace/Lab6" --include_path="C:/ti/TivaWare_C_Series-2.2.0.295" --include_path="C:/ti/ccs1200/ccs/tools/compiler/ti-cgt-arm_20.2.6.LTS/include" --define=ccs="ccs" --define=PART_TM4C123GH6PM -g --gcc --diag_warning=225 --diag_wrap=off --display_error_number --abi=eabi --preproc_with_compile --preproc_dependency="tm4c123gh6pm_startup_ccs.d_raw"  "../tm4c123gh6pm_startup_ccs.c"
Finished building: "../tm4c123gh6pm_startup_ccs.c"
 
Building file: "../uart-interrupt.c"
Invoking: Arm Compiler
"C:/ti/ccs1200/ccs/tools/compiler/ti-cgt-arm_20.2.6.LTS/bin/armcl" -mv7M4 --code_state=16 --float_support=FPv4SPD16 -me --include_path="U:/288Final/CprE288-FinalProject/CprE288Workspace/Lab6" --include_path="C:/ti/TivaWare_C_Series-2.2.0.295" --include_path="C:/ti/ccs1200/ccs/tools/compiler/ti-cgt-arm_20.2.6.LTS/include" --define=ccs="ccs" --define=PART_TM4C123GH6PM -g --gcc --diag_warning=225 --diag_wrap=off --display_error_number --abi=eabi --preproc_with_compile --preproc_dependency="uart-interrupt.d_raw"  "../uart-interrupt.c"
"../uart-interrupt.c", line 21: warning #69-D: integer conversion resulted in a change of sign
"../uart-interrupt.c", line 118: warning #225-D: function "strlen" declared implicitly
"../uart-interrupt.c", line 138: warning #225-D: function "exit" declared implicitly
Finished building: "../uart-interrupt.c"
 
Building file: "../lcd.c"
Invoking: Arm Compiler
"C:/ti/ccs1200/ccs/tools/compiler/ti-cgt-arm_20.2.6.LTS/bin/armcl" -mv7M4 --code_state=16 --float_support=FPv4SPD16 -me --include_path="U:/288Final/CprE288-FinalProject/CprE288Workspace/Lab6" --include_path="C:/ti/TivaWare_C_Series-2.2.0.295" --include_path="C:/ti/ccs1200/ccs/tools/compiler/ti-cgt-arm_20.2.6.LTS/include" --define=ccs="ccs" --define=PART_TM4C123GH6PM -g --gcc --diag_warning=225 --diag_wrap=off --display_error_number --abi=eabi --preproc_with_compile --preproc_dependency="lcd.d_raw"  "../lcd.c"
Finished building: "../lcd.c"
 
Building file: "../lab6-interrupt_template.c"
Invoking: Arm Compiler
"C:/ti/ccs1200/ccs/tools/compiler/ti-cgt-arm_20.2.6.LTS/bin/armcl" -mv7M4 --code_state=16 --float_support=FPv4SPD16 -me --include_path="U:/288Final/CprE288-FinalProject/CprE288Workspace/Lab6" --include_path="C:/ti/TivaWare_C_Series-2.2.0.295" --include_path="C:/ti/ccs1200/ccs/tools/compiler/ti-cgt-arm_20.2.6.LTS/include" --define=ccs="ccs" --define=PART_TM4C123GH6PM -g --gcc --diag_warning=225 --diag_wrap=off --display_error_number --abi=eabi --preproc_with_compile --preproc_dependency="lab6-interrupt_template.d_raw"  "../lab6-interrupt_template.c"
"../lab6-interrupt_template.c", line 26: warning #1181-D: #warning directive: "Possible unimplemented functions"
"../lab6-interrupt_template.c", line 63: warning #169-D: argument of type "oi_t *" is incompatible with parameter of type "cyBOT_Scan_t *"
"../lab6-interrupt_template.c", line 69: warning #112-D: statement is unreachable
Finished building: "../lab6-interrupt_template.c"
 
Building file: "../open_interface.c"
Invoking: Arm Compiler
"C:/ti/ccs1200/ccs/tools/compiler/ti-cgt-arm_20.2.6.LTS/bin/armcl" -mv7M4 --code_state=16 --float_support=FPv4SPD16 -me --include_path="U:/288Final/CprE288-FinalProject/CprE288Workspace/Lab6" --include_path="C:/ti/TivaWare_C_Series-2.2.0.295" --include_path="C:/ti/ccs1200/ccs/tools/compiler/ti-cgt-arm_20.2.6.LTS/include" --define=ccs="ccs" --define=PART_TM4C123GH6PM -g --gcc --diag_warning=225 --diag_wrap=off --display_error_number --abi=eabi --preproc_with_compile --preproc_dependency="open_interface.d_raw"  "../open_interface.c"
"../open_interface.c", line 356: warning #179-D: variable "charging_state" was declared but never referenced
Finished building: "../open_interface.c"
 
Building target: "Lab6.out"
Invoking: Arm Linker
"C:/ti/ccs1200/ccs/tools/compiler/ti-cgt-arm_20.2.6.LTS/bin/armcl" -mv7M4 --code_state=16 --float_support=FPv4SPD16 -me --define=ccs="ccs" --define=PART_TM4C123GH6PM -g --gcc --diag_warning=225 --diag_wrap=off --display_error_number --abi=eabi -z -m"Lab6.map" --heap_size=4096 --stack_size=4096 -i"C:/ti/ccs1200/ccs/tools/compiler/ti-cgt-arm_20.2.6.LTS/lib" -i"C:/ti/ccs1200/ccs/tools/compiler/ti-cgt-arm_20.2.6.LTS/include" --reread_libs --diag_wrap=off --display_error_number --warn_sections --xml_link_info="Lab6_linkInfo.xml" --rom_model -o "Lab6.out" "./Timer.obj" "./button.obj" "./lab6-interrupt_template.obj" "./lab6_template.obj" "./lcd.obj" "./open_interface.obj" "./tm4c123gh6pm_startup_ccs.obj" "./uart-interrupt.obj" "./uart.obj" "../libcybotScan.lib" "../tm4c123gh6pm.cmd"  -llibc.a -l"C:/ti/TivaWare_C_Series-2.2.0.295/driverlib/ccs/Debug/driverlib.lib" 
<Linking>
Finished building target: "Lab6.out"
 

**** Build Finished ****
