
**** Build of configuration Debug for project Lab8 ****

"C:\\ti\\ccs1200\\ccs\\utils\\bin\\gmake" -k -j 20 all -O 
 
Building file: "../uart-interrupt.c"
Invoking: Arm Compiler
"C:/ti/ccs1200/ccs/tools/compiler/ti-cgt-arm_20.2.6.LTS/bin/armcl" -mv7M4 --code_state=16 --float_support=FPv4SPD16 -me --include_path="U:/288Final/CprE288-FinalProject/CprE288Workspace/Lab8" --include_path="C:/ti/TivaWare_C_Series-2.2.0.295" --include_path="C:/ti/ccs1200/ccs/tools/compiler/ti-cgt-arm_20.2.6.LTS/include" --define=ccs="ccs" --define=PART_TM4C123GH6PM -g --gcc --diag_warning=225 --diag_wrap=off --display_error_number --abi=eabi --preproc_with_compile --preproc_dependency="uart-interrupt.d_raw"  "../uart-interrupt.c"
Finished building: "../uart-interrupt.c"
 
Building file: "../Timer.c"
Invoking: Arm Compiler
"C:/ti/ccs1200/ccs/tools/compiler/ti-cgt-arm_20.2.6.LTS/bin/armcl" -mv7M4 --code_state=16 --float_support=FPv4SPD16 -me --include_path="U:/288Final/CprE288-FinalProject/CprE288Workspace/Lab8" --include_path="C:/ti/TivaWare_C_Series-2.2.0.295" --include_path="C:/ti/ccs1200/ccs/tools/compiler/ti-cgt-arm_20.2.6.LTS/include" --define=ccs="ccs" --define=PART_TM4C123GH6PM -g --gcc --diag_warning=225 --diag_wrap=off --display_error_number --abi=eabi --preproc_with_compile --preproc_dependency="Timer.d_raw"  "../Timer.c"
Finished building: "../Timer.c"
 
Building file: "../tm4c123gh6pm_startup_ccs.c"
Invoking: Arm Compiler
"C:/ti/ccs1200/ccs/tools/compiler/ti-cgt-arm_20.2.6.LTS/bin/armcl" -mv7M4 --code_state=16 --float_support=FPv4SPD16 -me --include_path="U:/288Final/CprE288-FinalProject/CprE288Workspace/Lab8" --include_path="C:/ti/TivaWare_C_Series-2.2.0.295" --include_path="C:/ti/ccs1200/ccs/tools/compiler/ti-cgt-arm_20.2.6.LTS/include" --define=ccs="ccs" --define=PART_TM4C123GH6PM -g --gcc --diag_warning=225 --diag_wrap=off --display_error_number --abi=eabi --preproc_with_compile --preproc_dependency="tm4c123gh6pm_startup_ccs.d_raw"  "../tm4c123gh6pm_startup_ccs.c"
Finished building: "../tm4c123gh6pm_startup_ccs.c"
 
Building file: "../lcd.c"
Invoking: Arm Compiler
"C:/ti/ccs1200/ccs/tools/compiler/ti-cgt-arm_20.2.6.LTS/bin/armcl" -mv7M4 --code_state=16 --float_support=FPv4SPD16 -me --include_path="U:/288Final/CprE288-FinalProject/CprE288Workspace/Lab8" --include_path="C:/ti/TivaWare_C_Series-2.2.0.295" --include_path="C:/ti/ccs1200/ccs/tools/compiler/ti-cgt-arm_20.2.6.LTS/include" --define=ccs="ccs" --define=PART_TM4C123GH6PM -g --gcc --diag_warning=225 --diag_wrap=off --display_error_number --abi=eabi --preproc_with_compile --preproc_dependency="lcd.d_raw"  "../lcd.c"
Finished building: "../lcd.c"
 
Building file: "../uart.c"
Invoking: Arm Compiler
"C:/ti/ccs1200/ccs/tools/compiler/ti-cgt-arm_20.2.6.LTS/bin/armcl" -mv7M4 --code_state=16 --float_support=FPv4SPD16 -me --include_path="U:/288Final/CprE288-FinalProject/CprE288Workspace/Lab8" --include_path="C:/ti/TivaWare_C_Series-2.2.0.295" --include_path="C:/ti/ccs1200/ccs/tools/compiler/ti-cgt-arm_20.2.6.LTS/include" --define=ccs="ccs" --define=PART_TM4C123GH6PM -g --gcc --diag_warning=225 --diag_wrap=off --display_error_number --abi=eabi --preproc_with_compile --preproc_dependency="uart.d_raw"  "../uart.c"
"../uart.c", line 95: warning #225-D: function "strlen" declared implicitly
Finished building: "../uart.c"
 
Building file: "../adc.c"
Invoking: Arm Compiler
"C:/ti/ccs1200/ccs/tools/compiler/ti-cgt-arm_20.2.6.LTS/bin/armcl" -mv7M4 --code_state=16 --float_support=FPv4SPD16 -me --include_path="U:/288Final/CprE288-FinalProject/CprE288Workspace/Lab8" --include_path="C:/ti/TivaWare_C_Series-2.2.0.295" --include_path="C:/ti/ccs1200/ccs/tools/compiler/ti-cgt-arm_20.2.6.LTS/include" --define=ccs="ccs" --define=PART_TM4C123GH6PM -g --gcc --diag_warning=225 --diag_wrap=off --display_error_number --abi=eabi --preproc_with_compile --preproc_dependency="adc.d_raw"  "../adc.c"
"../adc.c", line 41: warning #225-D: function "uart_init" declared implicitly
"../adc.c", line 47: warning #225-D: function "adc_init" declared implicitly
"../adc.c", line 57: warning #225-D: function "uart_receive" declared implicitly
"../adc.c", line 60: warning #225-D: function "adc_read" declared implicitly
"../adc.c", line 50: warning #552-D: variable "buffer" was set but never used
"../adc.c", line 78: warning #161-D: declaration is incompatible with previous "adc_read" (declared at line 60)
"../adc.c", line 94: warning #161-D: declaration is incompatible with previous "adc_init" (declared at line 47)
Finished building: "../adc.c"
 
Building file: "../open_interface.c"
Invoking: Arm Compiler
"C:/ti/ccs1200/ccs/tools/compiler/ti-cgt-arm_20.2.6.LTS/bin/armcl" -mv7M4 --code_state=16 --float_support=FPv4SPD16 -me --include_path="U:/288Final/CprE288-FinalProject/CprE288Workspace/Lab8" --include_path="C:/ti/TivaWare_C_Series-2.2.0.295" --include_path="C:/ti/ccs1200/ccs/tools/compiler/ti-cgt-arm_20.2.6.LTS/include" --define=ccs="ccs" --define=PART_TM4C123GH6PM -g --gcc --diag_warning=225 --diag_wrap=off --display_error_number --abi=eabi --preproc_with_compile --preproc_dependency="open_interface.d_raw"  "../open_interface.c"
"../open_interface.c", line 356: warning #179-D: variable "charging_state" was declared but never referenced
Finished building: "../open_interface.c"
 
Building target: "Lab8.out"
Invoking: Arm Linker
"C:/ti/ccs1200/ccs/tools/compiler/ti-cgt-arm_20.2.6.LTS/bin/armcl" -mv7M4 --code_state=16 --float_support=FPv4SPD16 -me --define=ccs="ccs" --define=PART_TM4C123GH6PM -g --gcc --diag_warning=225 --diag_wrap=off --display_error_number --abi=eabi -z -m"Lab8.map" --heap_size=4096 --stack_size=4096 -i"C:/ti/ccs1200/ccs/tools/compiler/ti-cgt-arm_20.2.6.LTS/lib" -i"C:/ti/ccs1200/ccs/tools/compiler/ti-cgt-arm_20.2.6.LTS/include" --reread_libs --diag_wrap=off --display_error_number --warn_sections --xml_link_info="Lab8_linkInfo.xml" --rom_model -o "Lab8.out" "./Timer.obj" "./adc.obj" "./lcd.obj" "./open_interface.obj" "./tm4c123gh6pm_startup_ccs.obj" "./uart-interrupt.obj" "./uart.obj" "../libcybotScan.lib" "../tm4c123gh6pm.cmd"  -llibc.a -l"C:/ti/TivaWare_C_Series-2.2.0.295/driverlib/ccs/Debug/driverlib.lib" 
<Linking>
Finished building target: "Lab8.out"
 

**** Build Finished ****
